<?xml version="1.0" encoding="UTF-8"?>
<!-- Generated by org.testng.reporters.JUnitReportReporter -->
<testsuite hostname="DESKTOP-5C42FIC" failures="0" tests="1" name="AutomationRegisterTest.RegisterUserExistingTest" time="20.281" errors="0" timestamp="2023-12-01T11:54:52 IST" skipped="0">
  <testcase classname="AutomationRegisterTest.RegisterUserExistingTest" name="RegistExistingUser" time="20.281"/>
  <system-out/>
</testsuite> <!-- AutomationRegisterTest.RegisterUserExistingTest -->
