<?xml version="1.0" encoding="UTF-8"?>
<!-- Generated by org.testng.reporters.JUnitReportReporter -->
<testsuite hostname="DESKTOP-5C42FIC" failures="0" tests="1" name="AutomationRegisterTest.VerifyProductQantityTest" time="43.774" errors="0" timestamp="2024-01-04T14:30:51 IST" skipped="0">
  <testcase classname="AutomationRegisterTest.VerifyProductQantityTest" name="VerifyProductQantity" time="43.774"/>
  <system-out/>
</testsuite> <!-- AutomationRegisterTest.VerifyProductQantityTest -->
