<?xml version="1.0" encoding="UTF-8"?>
<!-- Generated by org.testng.reporters.JUnitReportReporter -->
<testsuite hostname="DESKTOP-5C42FIC" failures="0" tests="2" name="SeleniumPrc.SignUpTest" time="5.440" errors="0" timestamp="2023-10-27T15:05:47 IST" skipped="0">
  <testcase classname="SeleniumPrc.SignUpTest" name="NavigateHomePage" time="1.755"/>
  <system-out/>
  <testcase classname="SeleniumPrc.SignUpTest" name="enterUserDetails" time="3.685"/>
  <system-out/>
</testsuite> <!-- SeleniumPrc.SignUpTest -->
