<?xml version="1.0" encoding="UTF-8"?>
<!-- Generated by org.testng.reporters.JUnitReportReporter -->
<testsuite hostname="DESKTOP-5C42FIC" failures="0" tests="1" name="AutomationRegisterTest.VerifyProductTest" time="210.338" errors="0" timestamp="2023-12-13T11:48:58 IST" skipped="0">
  <testcase classname="AutomationRegisterTest.VerifyProductTest" name="ProductDetailPage" time="210.338"/>
  <system-out/>
</testsuite> <!-- AutomationRegisterTest.VerifyProductTest -->
