<?xml version="1.0" encoding="UTF-8"?>
<!-- Generated by org.testng.reporters.JUnitReportReporter -->
<testsuite hostname="DESKTOP-5C42FIC" failures="0" tests="1" name="AutomationRegisterTest.ContactUsTest" time="15.024" errors="0" timestamp="2023-12-01T12:49:29 IST" skipped="0">
  <testcase classname="AutomationRegisterTest.ContactUsTest" name="ContactUsForm" time="15.024"/>
  <system-out/>
</testsuite> <!-- AutomationRegisterTest.ContactUsTest -->
