<?xml version="1.0" encoding="UTF-8"?>
<!-- Generated by org.testng.reporters.JUnitReportReporter -->
<testsuite hostname="DESKTOP-5C42FIC" failures="0" tests="1" name="AutomationRegisterTest.TestCaseTest2" time="17.037" errors="0" timestamp="2023-11-30T16:16:03 IST" skipped="0">
  <testcase classname="AutomationRegisterTest.TestCaseTest2" name="EnterLoginDetails" time="17.037"/>
  <system-out/>
</testsuite> <!-- AutomationRegisterTest.TestCaseTest2 -->
