<?xml version="1.0" encoding="UTF-8"?>
<!-- Generated by org.testng.reporters.JUnitReportReporter -->
<testsuite hostname="DESKTOP-5C42FIC" failures="0" tests="1" name="AutomationRegisterTest.VerifySubcriptionTest" time="98.047" errors="0" timestamp="2023-12-14T11:45:41 IST" skipped="0">
  <testcase classname="AutomationRegisterTest.VerifySubcriptionTest" name="VerifySubcriptinHomePage" time="98.047"/>
  <system-out/>
</testsuite> <!-- AutomationRegisterTest.VerifySubcriptionTest -->
