<?xml version="1.0" encoding="UTF-8"?>
<!-- Generated by org.testng.reporters.JUnitReportReporter -->
<testsuite hostname="DESKTOP-5C42FIC" failures="0" tests="1" name="AutomationRegisterTest.TestCaseTest3" time="82.785" errors="0" timestamp="2023-11-30T17:35:53 IST" skipped="0">
  <testcase classname="AutomationRegisterTest.TestCaseTest3" name="WrongLoginDeatils" time="82.785"/>
  <system-out/>
</testsuite> <!-- AutomationRegisterTest.TestCaseTest3 -->
