<?xml version="1.0" encoding="UTF-8"?>
<!-- Generated by org.testng.reporters.JUnitReportReporter -->
<testsuite hostname="DESKTOP-5C42FIC" failures="0" tests="1" name="AutomationRegisterTest.TestCaseTest2" time="304.992" errors="0" timestamp="2023-12-11T12:47:48 IST" skipped="0">
  <testcase classname="AutomationRegisterTest.TestCaseTest2" name="EnterLoginDetails" time="304.992"/>
</testsuite> <!-- AutomationRegisterTest.TestCaseTest2 -->
