<?xml version="1.0" encoding="UTF-8"?>
<!-- Generated by org.testng.reporters.JUnitReportReporter -->
<testsuite hostname="DESKTOP-5C42FIC" failures="0" tests="1" name="AutomationRegisterTest.TestCaseTest3" time="24.964" errors="0" timestamp="2023-12-11T12:47:48 IST" skipped="0">
  <testcase classname="AutomationRegisterTest.TestCaseTest3" name="WrongLoginDeatils" time="24.964"/>
</testsuite> <!-- AutomationRegisterTest.TestCaseTest3 -->
