<?xml version="1.0" encoding="UTF-8"?>
<!-- Generated by org.testng.reporters.JUnitReportReporter -->
<testsuite hostname="DESKTOP-5C42FIC" failures="0" tests="1" name="AutomationRegisterTest.ContactUsTest" time="86.252" errors="0" timestamp="2023-12-11T12:47:48 IST" skipped="0">
  <testcase classname="AutomationRegisterTest.ContactUsTest" name="ContactUsForm" time="86.252"/>
</testsuite> <!-- AutomationRegisterTest.ContactUsTest -->
