<?xml version="1.0" encoding="UTF-8"?>
<!-- Generated by org.testng.reporters.JUnitReportReporter -->
<testsuite hostname="DESKTOP-5C42FIC" failures="0" tests="1" name="TestNG.Day3" time="0.004" errors="0" timestamp="2023-10-22T09:12:27 IST" skipped="0">
  <testcase classname="TestNG.Day3" name="MobilecarLoan" time="0.004"/>
  <system-out/>
</testsuite> <!-- TestNG.Day3 -->
