<?xml version="1.0" encoding="UTF-8"?>
<!-- Generated by org.testng.reporters.JUnitReportReporter -->
<testsuite hostname="DESKTOP-5C42FIC" failures="0" tests="1" name="TestNG.Day1" time="0.015" errors="0" timestamp="2023-10-22T09:12:27 IST" skipped="0">
  <testcase classname="TestNG.Day1" name="SecondDemo" time="0.015"/>
  <system-out/>
</testsuite> <!-- TestNG.Day1 -->
