<?xml version="1.0" encoding="UTF-8"?>
<!-- Generated by org.testng.reporters.JUnitReportReporter -->
<testsuite hostname="DESKTOP-5C42FIC" failures="0" tests="3" name="Runner.TestRunner" time="0.313" errors="0" timestamp="2024-01-30T14:50:59 IST" skipped="0">
  <testcase classname="Runner.TestRunner" name="runScenario" time="0.028"/>
  <testcase classname="Runner.TestRunner" name="runScenario" time="0.252"/>
  <testcase classname="Runner.TestRunner" name="runScenario" time="0.033"/>
</testsuite> <!-- Runner.TestRunner -->
